checkpoint restored from output/bert_v2.ckpt
epoch-1 step 0/14415 - loss: 0.112348 val_loss: 0.108394	val_recall: 0.008357	val_precision: 0.600000
~~~~~~~use testset B
~~~~~~~use testset B
~~~~~~~use testset B
~~~~~~~use testset B
~~~~~~~use testset B
~~~~~~~use testset B
~~~~~~~use testset B
~~~~~~~use testset B
epoch-1 step 100/14415 - loss: 0.098231 val_loss: 0.101701	val_recall: 0.008832	val_precision: 0.435203

model exported!

~~~~~~~use testset B
~~~~~~~use testset B
~~~~~~~use testset B
~~~~~~~use testset B
~~~~~~~use testset B
~~~~~~~use testset B
~~~~~~~use testset B
~~~~~~~use testset B
epoch-1 step 200/14415 - loss: 0.096035 val_loss: 0.090266	val_recall: 0.014661	val_precision: 0.304762
~~~~~~~use testset B
~~~~~~~use testset B
~~~~~~~use testset B
~~~~~~~use testset B
~~~~~~~use testset B
~~~~~~~use testset B
~~~~~~~use testset B
~~~~~~~use testset B
epoch-1 step 300/14415 - loss: 0.084824 val_loss: 0.085371	val_recall: 0.016348	val_precision: 0.141129
~~~~~~~use testset B
~~~~~~~use testset B
~~~~~~~use testset B
~~~~~~~use testset B
~~~~~~~use testset B
~~~~~~~use testset B
~~~~~~~use testset B
epoch-1 step 400/14415 - loss: 0.084562 val_loss: 0.084255	val_recall: 0.032006	val_precision: 0.084270
~~~~~~~use testset B
~~~~~~~use testset B
~~~~~~~use testset B
~~~~~~~use testset B
~~~~~~~use testset B
~~~~~~~use testset B
~~~~~~~use testset B
~~~~~~~use testset B
epoch-1 step 500/14415 - loss: 0.081515 val_loss: 0.081274	val_recall: 0.047120	val_precision: 0.052529
~~~~~~~use testset B
~~~~~~~use testset B
~~~~~~~use testset B
~~~~~~~use testset B
~~~~~~~use testset B
~~~~~~~use testset B
~~~~~~~use testset B
~~~~~~~use testset B
epoch-1 step 600/14415 - loss: 0.080785 val_loss: 0.080258	val_recall: 0.058116	val_precision: 0.054924
~~~~~~~use testset B
~~~~~~~use testset B
~~~~~~~use testset B
~~~~~~~use testset B
~~~~~~~use testset B
~~~~~~~use testset B
~~~~~~~use testset B
epoch-1 step 700/14415 - loss: 0.081645 val_loss: 0.077698	val_recall: 0.076404	val_precision: 0.066929
~~~~~~~use testset B
~~~~~~~use testset B
~~~~~~~use testset B
~~~~~~~use testset B
~~~~~~~use testset B
~~~~~~~use testset B
~~~~~~~use testset B
~~~~~~~use testset B
epoch-1 step 800/14415 - loss: 0.076065 val_loss: 0.076959	val_recall: 0.097852	val_precision: 0.080235
~~~~~~~use testset B
~~~~~~~use testset B
~~~~~~~use testset B
~~~~~~~use testset B
~~~~~~~use testset B
~~~~~~~use testset B
~~~~~~~use testset B
~~~~~~~use testset B
epoch-1 step 900/14415 - loss: 0.075044 val_loss: 0.074730	val_recall: 0.071121	val_precision: 0.063707
~~~~~~~use testset B
~~~~~~~use testset B
~~~~~~~use testset B
~~~~~~~use testset B
~~~~~~~use testset B
~~~~~~~use testset B
~~~~~~~use testset B
epoch-1 step 1000/14415 - loss: 0.078430 val_loss: 0.076978	val_recall: 0.063319	val_precision: 0.055238

checkpoint saved

~~~~~~~use testset B
~~~~~~~use testset B
~~~~~~~use testset B
~~~~~~~use testset B
~~~~~~~use testset B
~~~~~~~use testset B
~~~~~~~use testset B
~~~~~~~use testset B
epoch-1 step 1100/14415 - loss: 0.074378 val_loss: 0.077826	val_recall: 0.075243	val_precision: 0.060904
~~~~~~~use testset B
~~~~~~~use testset B
~~~~~~~use testset B
~~~~~~~use testset B
~~~~~~~use testset B
~~~~~~~use testset B
~~~~~~~use testset B
~~~~~~~use testset B
epoch-1 step 1200/14415 - loss: 0.073945 val_loss: 0.070175	val_recall: 0.081481	val_precision: 0.066532
~~~~~~~use testset B
~~~~~~~use testset B
~~~~~~~use testset B
~~~~~~~use testset B
~~~~~~~use testset B
~~~~~~~use testset B
~~~~~~~use testset B
epoch-1 step 1300/14415 - loss: 0.071453 val_loss: 0.072646	val_recall: 0.085213	val_precision: 0.065010
~~~~~~~use testset B
~~~~~~~use testset B
~~~~~~~use testset B
~~~~~~~use testset B
~~~~~~~use testset B
~~~~~~~use testset B
~~~~~~~use testset B
~~~~~~~use testset B
epoch-1 step 1400/14415 - loss: 0.073195 val_loss: 0.069170	val_recall: 0.077957	val_precision: 0.057654
~~~~~~~use testset B
~~~~~~~use testset B
~~~~~~~use testset B
~~~~~~~use testset B
~~~~~~~use testset B
~~~~~~~use testset B
~~~~~~~use testset B
~~~~~~~use testset B
epoch-2 step 1500/14415 - loss: 0.078680 val_loss: 0.073701	val_recall: 0.074919	val_precision: 0.043396
~~~~~~~use testset B
~~~~~~~use testset B
~~~~~~~use testset B
~~~~~~~use testset B
~~~~~~~use testset B
~~~~~~~use testset B
~~~~~~~use testset B
~~~~~~~use testset B
epoch-2 step 1600/14415 - loss: 0.067631 val_loss: 0.073389	val_recall: 0.057471	val_precision: 0.037951
~~~~~~~use testset B
~~~~~~~use testset B
~~~~~~~use testset B
~~~~~~~use testset B
~~~~~~~use testset B
~~~~~~~use testset B
~~~~~~~use testset B
epoch-2 step 1700/14415 - loss: 0.069105 val_loss: 0.067455	val_recall: 0.090909	val_precision: 0.063953
~~~~~~~use testset B
~~~~~~~use testset B
~~~~~~~use testset B
~~~~~~~use testset B
~~~~~~~use testset B
~~~~~~~use testset B
~~~~~~~use testset B
~~~~~~~use testset B
epoch-2 step 1800/14415 - loss: 0.067171 val_loss: 0.071361	val_recall: 0.081013	val_precision: 0.062257
~~~~~~~use testset B
~~~~~~~use testset B
~~~~~~~use testset B
~~~~~~~use testset B
~~~~~~~use testset B
~~~~~~~use testset B
~~~~~~~use testset B
~~~~~~~use testset B
epoch-2 step 1900/14415 - loss: 0.069863 val_loss: 0.067131	val_recall: 0.068783	val_precision: 0.049242
~~~~~~~use testset B
~~~~~~~use testset B
~~~~~~~use testset B
~~~~~~~use testset B
~~~~~~~use testset B
~~~~~~~use testset B
~~~~~~~use testset B
epoch-2 step 2000/14415 - loss: 0.078304 val_loss: 0.066849	val_recall: 0.093023	val_precision: 0.070175

checkpoint saved

~~~~~~~use testset B
~~~~~~~use testset B
~~~~~~~use testset B
~~~~~~~use testset B
~~~~~~~use testset B
~~~~~~~use testset B
~~~~~~~use testset B
~~~~~~~use testset B
epoch-2 step 2100/14415 - loss: 0.067812 val_loss: 0.072407	val_recall: 0.070381	val_precision: 0.043636
~~~~~~~use testset B
~~~~~~~use testset B
~~~~~~~use testset B
~~~~~~~use testset B
~~~~~~~use testset B
~~~~~~~use testset B
~~~~~~~use testset B
~~~~~~~use testset B
epoch-2 step 2200/14415 - loss: 0.066077 val_loss: 0.067199	val_recall: 0.093294	val_precision: 0.063366
~~~~~~~use testset B
~~~~~~~use testset B
~~~~~~~use testset B
~~~~~~~use testset B
~~~~~~~use testset B
~~~~~~~use testset B
~~~~~~~use testset B
epoch-2 step 2300/14415 - loss: 0.067087 val_loss: 0.065979	val_recall: 0.072727	val_precision: 0.053537
~~~~~~~use testset B
~~~~~~~use testset B
~~~~~~~use testset B
~~~~~~~use testset B
~~~~~~~use testset B
~~~~~~~use testset B
~~~~~~~use testset B
~~~~~~~use testset B
epoch-2 step 2400/14415 - loss: 0.067587 val_loss: 0.069593	val_recall: 0.077778	val_precision: 0.052434
~~~~~~~use testset B
~~~~~~~use testset B
~~~~~~~use testset B
~~~~~~~use testset B
~~~~~~~use testset B
~~~~~~~use testset B
~~~~~~~use testset B
~~~~~~~use testset B
epoch-2 step 2500/14415 - loss: 0.072932 val_loss: 0.071260	val_recall: 0.065789	val_precision: 0.049020
~~~~~~~use testset B
~~~~~~~use testset B
~~~~~~~use testset B
~~~~~~~use testset B
~~~~~~~use testset B
~~~~~~~use testset B
~~~~~~~use testset B
epoch-2 step 2600/14415 - loss: 0.063212 val_loss: 0.066607	val_recall: 0.093750	val_precision: 0.065606
~~~~~~~use testset B
~~~~~~~use testset B
~~~~~~~use testset B
~~~~~~~use testset B
~~~~~~~use testset B
~~~~~~~use testset B
~~~~~~~use testset B
~~~~~~~use testset B
epoch-2 step 2700/14415 - loss: 0.068450 val_loss: 0.064405	val_recall: 0.072993	val_precision: 0.056926
~~~~~~~use testset B
~~~~~~~use testset B
~~~~~~~use testset B
~~~~~~~use testset B
~~~~~~~use testset B
~~~~~~~use testset B
~~~~~~~use testset B
~~~~~~~use testset B
epoch-2 step 2800/14415 - loss: 0.064383 val_loss: 0.062624	val_recall: 0.100503	val_precision: 0.079208
~~~~~~~use testset B
~~~~~~~use testset B
~~~~~~~use testset B
~~~~~~~use testset B
~~~~~~~use testset B
~~~~~~~use testset B
~~~~~~~use testset B
~~~~~~~use testset B
epoch-3 step 2900/14415 - loss: 0.058969 val_loss: 0.063806	val_recall: 0.055000	val_precision: 0.042471
~~~~~~~use testset B
~~~~~~~use testset B
~~~~~~~use testset B
~~~~~~~use testset B
~~~~~~~use testset B
~~~~~~~use testset B
~~~~~~~use testset B
epoch-3 step 3000/14415 - loss: 0.062671 val_loss: 0.062276	val_recall: 0.089806	val_precision: 0.074148

checkpoint saved

~~~~~~~use testset B
~~~~~~~use testset B
~~~~~~~use testset B
~~~~~~~use testset B
~~~~~~~use testset B
~~~~~~~use testset B
~~~~~~~use testset B
~~~~~~~use testset B
epoch-3 step 3100/14415 - loss: 0.063315 val_loss: 0.061311	val_recall: 0.087167	val_precision: 0.069364
~~~~~~~use testset B
~~~~~~~use testset B
~~~~~~~use testset B
~~~~~~~use testset B
~~~~~~~use testset B
~~~~~~~use testset B
~~~~~~~use testset B
~~~~~~~use testset B
epoch-3 step 3200/14415 - loss: 0.068475 val_loss: 0.064260	val_recall: 0.089286	val_precision: 0.069170
~~~~~~~use testset B
~~~~~~~use testset B
~~~~~~~use testset B
~~~~~~~use testset B
~~~~~~~use testset B
~~~~~~~use testset B
~~~~~~~use testset B
epoch-3 step 3300/14415 - loss: 0.062308 val_loss: 0.066139	val_recall: 0.077922	val_precision: 0.057252
~~~~~~~use testset B
~~~~~~~use testset B
~~~~~~~use testset B
~~~~~~~use testset B
~~~~~~~use testset B
~~~~~~~use testset B
~~~~~~~use testset B
~~~~~~~use testset B
epoch-3 step 3400/14415 - loss: 0.064756 val_loss: 0.065080	val_recall: 0.078740	val_precision: 0.059524
~~~~~~~use testset B
~~~~~~~use testset B
~~~~~~~use testset B
~~~~~~~use testset B
~~~~~~~use testset B
~~~~~~~use testset B
~~~~~~~use testset B
~~~~~~~use testset B
epoch-3 step 3500/14415 - loss: 0.062277 val_loss: 0.062025	val_recall: 0.061453	val_precision: 0.042802
~~~~~~~use testset B
~~~~~~~use testset B
~~~~~~~use testset B
~~~~~~~use testset B
~~~~~~~use testset B
~~~~~~~use testset B
~~~~~~~use testset B
epoch-3 step 3600/14415 - loss: 0.066374 val_loss: 0.062804	val_recall: 0.094488	val_precision: 0.070039
~~~~~~~use testset B
~~~~~~~use testset B
~~~~~~~use testset B
~~~~~~~use testset B
~~~~~~~use testset B
~~~~~~~use testset B
~~~~~~~use testset B
~~~~~~~use testset B
epoch-3 step 3700/14415 - loss: 0.063394 val_loss: 0.061549	val_recall: 0.088608	val_precision: 0.069583
~~~~~~~use testset B
~~~~~~~use testset B
~~~~~~~use testset B
~~~~~~~use testset B
~~~~~~~use testset B
~~~~~~~use testset B
~~~~~~~use testset B
~~~~~~~use testset B
epoch-3 step 3800/14415 - loss: 0.063251 val_loss: 0.062406	val_recall: 0.079487	val_precision: 0.061024
~~~~~~~use testset B
~~~~~~~use testset B
~~~~~~~use testset B
~~~~~~~use testset B
~~~~~~~use testset B
~~~~~~~use testset B
~~~~~~~use testset B
epoch-3 step 3900/14415 - loss: 0.061401 val_loss: 0.060375	val_recall: 0.084833	val_precision: 0.063340
~~~~~~~use testset B
~~~~~~~use testset B
~~~~~~~use testset B
~~~~~~~use testset B
~~~~~~~use testset B
~~~~~~~use testset B
~~~~~~~use testset B
~~~~~~~use testset B
epoch-3 step 4000/14415 - loss: 0.058436 val_loss: 0.061656	val_recall: 0.066489	val_precision: 0.048638

checkpoint saved

~~~~~~~use testset B
~~~~~~~use testset B
~~~~~~~use testset B
~~~~~~~use testset B
~~~~~~~use testset B
~~~~~~~use testset B
~~~~~~~use testset B
~~~~~~~use testset B
epoch-3 step 4100/14415 - loss: 0.059968 val_loss: 0.061661	val_recall: 0.061497	val_precision: 0.044487
~~~~~~~use testset B
~~~~~~~use testset B
~~~~~~~use testset B
~~~~~~~use testset B
~~~~~~~use testset B
~~~~~~~use testset B
~~~~~~~use testset B
~~~~~~~use testset B
epoch-3 step 4200/14415 - loss: 0.055594 val_loss: 0.066560	val_recall: 0.084433	val_precision: 0.062745
~~~~~~~use testset B
~~~~~~~use testset B
~~~~~~~use testset B
~~~~~~~use testset B
~~~~~~~use testset B
~~~~~~~use testset B
~~~~~~~use testset B
epoch-3 step 4300/14415 - loss: 0.060251 val_loss: 0.062977	val_recall: 0.105528	val_precision: 0.080460
~~~~~~~use testset B
~~~~~~~use testset B
~~~~~~~use testset B
~~~~~~~use testset B
~~~~~~~use testset B
~~~~~~~use testset B
~~~~~~~use testset B
~~~~~~~use testset B
epoch-4 step 4400/14415 - loss: 0.060717 val_loss: 0.061877	val_recall: 0.086486	val_precision: 0.064257
~~~~~~~use testset B
~~~~~~~use testset B
~~~~~~~use testset B
~~~~~~~use testset B
~~~~~~~use testset B
~~~~~~~use testset B
~~~~~~~use testset B
~~~~~~~use testset B
epoch-4 step 4500/14415 - loss: 0.060672 val_loss: 0.059677	val_recall: 0.077994	val_precision: 0.056566
~~~~~~~use testset B
~~~~~~~use testset B
~~~~~~~use testset B
~~~~~~~use testset B
~~~~~~~use testset B
~~~~~~~use testset B
~~~~~~~use testset B
epoch-4 step 4600/14415 - loss: 0.060374 val_loss: 0.059089	val_recall: 0.091691	val_precision: 0.059480
~~~~~~~use testset B
~~~~~~~use testset B
~~~~~~~use testset B
~~~~~~~use testset B
~~~~~~~use testset B
~~~~~~~use testset B
~~~~~~~use testset B
~~~~~~~use testset B
epoch-4 step 4700/14415 - loss: 0.060135 val_loss: 0.061459	val_recall: 0.093923	val_precision: 0.066667
~~~~~~~use testset B
~~~~~~~use testset B
~~~~~~~use testset B
~~~~~~~use testset B
~~~~~~~use testset B
~~~~~~~use testset B
~~~~~~~use testset B
~~~~~~~use testset B
epoch-4 step 4800/14415 - loss: 0.063401 val_loss: 0.062600	val_recall: 0.092308	val_precision: 0.057034
~~~~~~~use testset B
~~~~~~~use testset B
~~~~~~~use testset B
~~~~~~~use testset B
~~~~~~~use testset B
~~~~~~~use testset B
~~~~~~~use testset B
epoch-4 step 4900/14415 - loss: 0.058924 val_loss: 0.064849	val_recall: 0.114094	val_precision: 0.063551
~~~~~~~use testset B
~~~~~~~use testset B
~~~~~~~use testset B
~~~~~~~use testset B
~~~~~~~use testset B
~~~~~~~use testset B
~~~~~~~use testset B
~~~~~~~use testset B
epoch-4 step 5000/14415 - loss: 0.064396 val_loss: 0.060661	val_recall: 0.089286	val_precision: 0.056497

checkpoint saved

~~~~~~~use testset B
~~~~~~~use testset B
~~~~~~~use testset B
~~~~~~~use testset B
~~~~~~~use testset B
~~~~~~~use testset B
~~~~~~~use testset B
~~~~~~~use testset B
epoch-4 step 5100/14415 - loss: 0.062899 val_loss: 0.059613	val_recall: 0.075843	val_precision: 0.051331

model exported!

~~~~~~~use testset B
~~~~~~~use testset B
~~~~~~~use testset B
~~~~~~~use testset B
~~~~~~~use testset B
~~~~~~~use testset B
~~~~~~~use testset B
epoch-4 step 5200/14415 - loss: 0.059802 val_loss: 0.062584	val_recall: 0.095101	val_precision: 0.062738
~~~~~~~use testset B
~~~~~~~use testset B
~~~~~~~use testset B
~~~~~~~use testset B
~~~~~~~use testset B
~~~~~~~use testset B
~~~~~~~use testset B
~~~~~~~use testset B
epoch-4 step 5300/14415 - loss: 0.059815 val_loss: 0.063424	val_recall: 0.082353	val_precision: 0.054159
~~~~~~~use testset B
~~~~~~~use testset B
~~~~~~~use testset B
~~~~~~~use testset B
~~~~~~~use testset B
~~~~~~~use testset B
~~~~~~~use testset B
~~~~~~~use testset B
epoch-4 step 5400/14415 - loss: 0.061406 val_loss: 0.059899	val_recall: 0.082621	val_precision: 0.054924
~~~~~~~use testset B
~~~~~~~use testset B
~~~~~~~use testset B
~~~~~~~use testset B
~~~~~~~use testset B
~~~~~~~use testset B
~~~~~~~use testset B
~~~~~~~use testset B
epoch-4 step 5500/14415 - loss: 0.055402 val_loss: 0.065281	val_recall: 0.076696	val_precision: 0.049904
~~~~~~~use testset B
~~~~~~~use testset B
~~~~~~~use testset B
~~~~~~~use testset B
~~~~~~~use testset B
~~~~~~~use testset B
~~~~~~~use testset B
epoch-4 step 5600/14415 - loss: 0.060340 val_loss: 0.057850	val_recall: 0.083582	val_precision: 0.055336
~~~~~~~use testset B
~~~~~~~use testset B
~~~~~~~use testset B
~~~~~~~use testset B
~~~~~~~use testset B
~~~~~~~use testset B
~~~~~~~use testset B
~~~~~~~use testset B
epoch-4 step 5700/14415 - loss: 0.061540 val_loss: 0.060201	val_recall: 0.086567	val_precision: 0.055985
~~~~~~~use testset B
~~~~~~~use testset B
~~~~~~~use testset B
~~~~~~~use testset B
~~~~~~~use testset B
~~~~~~~use testset B
~~~~~~~use testset B
~~~~~~~use testset B
epoch-5 step 5800/14415 - loss: 0.058050 val_loss: 0.064708	val_recall: 0.069971	val_precision: 0.047337
~~~~~~~use testset B
~~~~~~~use testset B
~~~~~~~use testset B
~~~~~~~use testset B
~~~~~~~use testset B
~~~~~~~use testset B
~~~~~~~use testset B
epoch-5 step 5900/14415 - loss: 0.064332 val_loss: 0.062113	val_recall: 0.085960	val_precision: 0.057915
~~~~~~~use testset B
~~~~~~~use testset B
~~~~~~~use testset B
~~~~~~~use testset B
~~~~~~~use testset B
~~~~~~~use testset B
~~~~~~~use testset B
~~~~~~~use testset B
epoch-5 step 6000/14415 - loss: 0.056973 val_loss: 0.057476	val_recall: 0.081921	val_precision: 0.058116

checkpoint saved

~~~~~~~use testset B
~~~~~~~use testset B
~~~~~~~use testset B
~~~~~~~use testset B
~~~~~~~use testset B
~~~~~~~use testset B
~~~~~~~use testset B
~~~~~~~use testset B
epoch-5 step 6100/14415 - loss: 0.057357 val_loss: 0.063115	val_recall: 0.095101	val_precision: 0.062857
~~~~~~~use testset B
~~~~~~~use testset B
~~~~~~~use testset B
~~~~~~~use testset B
~~~~~~~use testset B
~~~~~~~use testset B
~~~~~~~use testset B
epoch-5 step 6200/14415 - loss: 0.058900 val_loss: 0.057622	val_recall: 0.102102	val_precision: 0.067327
~~~~~~~use testset B
~~~~~~~use testset B
~~~~~~~use testset B
~~~~~~~use testset B
~~~~~~~use testset B
~~~~~~~use testset B
~~~~~~~use testset B
~~~~~~~use testset B
epoch-5 step 6300/14415 - loss: 0.060789 val_loss: 0.058211	val_recall: 0.064935	val_precision: 0.039448
~~~~~~~use testset B
~~~~~~~use testset B
~~~~~~~use testset B
~~~~~~~use testset B
~~~~~~~use testset B
~~~~~~~use testset B
~~~~~~~use testset B
~~~~~~~use testset B
epoch-5 step 6400/14415 - loss: 0.054983 val_loss: 0.056465	val_recall: 0.079179	val_precision: 0.051429
~~~~~~~use testset B
~~~~~~~use testset B
~~~~~~~use testset B
~~~~~~~use testset B
~~~~~~~use testset B
~~~~~~~use testset B
~~~~~~~use testset B
epoch-5 step 6500/14415 - loss: 0.056561 val_loss: 0.063854	val_recall: 0.090379	val_precision: 0.059961
~~~~~~~use testset B
~~~~~~~use testset B
~~~~~~~use testset B
~~~~~~~use testset B
~~~~~~~use testset B
~~~~~~~use testset B
~~~~~~~use testset B
~~~~~~~use testset B
epoch-5 step 6600/14415 - loss: 0.057990 val_loss: 0.058282	val_recall: 0.081967	val_precision: 0.058140
~~~~~~~use testset B
~~~~~~~use testset B
~~~~~~~use testset B
~~~~~~~use testset B
~~~~~~~use testset B
~~~~~~~use testset B
~~~~~~~use testset B
~~~~~~~use testset B
epoch-5 step 6700/14415 - loss: 0.067574 val_loss: 0.060037	val_recall: 0.095652	val_precision: 0.063340
~~~~~~~use testset B
~~~~~~~use testset B
~~~~~~~use testset B
~~~~~~~use testset B
~~~~~~~use testset B
~~~~~~~use testset B
~~~~~~~use testset B
~~~~~~~use testset B
epoch-5 step 6800/14415 - loss: 0.051488 val_loss: 0.055147	val_recall: 0.070588	val_precision: 0.046422
~~~~~~~use testset B
~~~~~~~use testset B
~~~~~~~use testset B
~~~~~~~use testset B
~~~~~~~use testset B
~~~~~~~use testset B
~~~~~~~use testset B
epoch-5 step 6900/14415 - loss: 0.055718 val_loss: 0.056567	val_recall: 0.090361	val_precision: 0.057361
~~~~~~~use testset B
~~~~~~~use testset B
~~~~~~~use testset B
~~~~~~~use testset B
~~~~~~~use testset B
~~~~~~~use testset B
~~~~~~~use testset B
~~~~~~~use testset B
epoch-5 step 7000/14415 - loss: 0.055562 val_loss: 0.058197	val_recall: 0.053191	val_precision: 0.036969

checkpoint saved

~~~~~~~use testset B
~~~~~~~use testset B
~~~~~~~use testset B
~~~~~~~use testset B
~~~~~~~use testset B
~~~~~~~use testset B
~~~~~~~use testset B
~~~~~~~use testset B
epoch-5 step 7100/14415 - loss: 0.057371 val_loss: 0.065658	val_recall: 0.057534	val_precision: 0.039326
~~~~~~~use testset B
~~~~~~~use testset B
~~~~~~~use testset B
~~~~~~~use testset B
~~~~~~~use testset B
~~~~~~~use testset B
~~~~~~~use testset B
epoch-5 step 7200/14415 - loss: 0.056775 val_loss: 0.054602	val_recall: 0.067385	val_precision: 0.048450
~~~~~~~use testset B
~~~~~~~use testset B
~~~~~~~use testset B
~~~~~~~use testset B
~~~~~~~use testset B
~~~~~~~use testset B
~~~~~~~use testset B
~~~~~~~use testset B
epoch-6 step 7300/14415 - loss: 0.056440 val_loss: 0.054982	val_recall: 0.091153	val_precision: 0.068410
~~~~~~~use testset B
~~~~~~~use testset B
~~~~~~~use testset B
~~~~~~~use testset B
~~~~~~~use testset B
~~~~~~~use testset B
~~~~~~~use testset B
~~~~~~~use testset B
epoch-6 step 7400/14415 - loss: 0.056034 val_loss: 0.056610	val_recall: 0.072829	val_precision: 0.051081
~~~~~~~use testset B
~~~~~~~use testset B
~~~~~~~use testset B
~~~~~~~use testset B
~~~~~~~use testset B
~~~~~~~use testset B
~~~~~~~use testset B
epoch-6 step 7500/14415 - loss: 0.062385 val_loss: 0.077590	val_recall: 0.063218	val_precision: 0.041509
~~~~~~~use testset B
~~~~~~~use testset B
~~~~~~~use testset B
~~~~~~~use testset B
~~~~~~~use testset B
~~~~~~~use testset B
~~~~~~~use testset B
~~~~~~~use testset B
epoch-6 step 7600/14415 - loss: 0.055856 val_loss: 0.065781	val_recall: 0.089080	val_precision: 0.060429
~~~~~~~use testset B
~~~~~~~use testset B
~~~~~~~use testset B
~~~~~~~use testset B
~~~~~~~use testset B
~~~~~~~use testset B
~~~~~~~use testset B
~~~~~~~use testset B
epoch-6 step 7700/14415 - loss: 0.054735 val_loss: 0.061841	val_recall: 0.096774	val_precision: 0.062264
~~~~~~~use testset B
~~~~~~~use testset B
~~~~~~~use testset B
~~~~~~~use testset B
~~~~~~~use testset B
~~~~~~~use testset B
~~~~~~~use testset B
epoch-6 step 7800/14415 - loss: 0.057673 val_loss: 0.057700	val_recall: 0.069697	val_precision: 0.042593
~~~~~~~use testset B
~~~~~~~use testset B
~~~~~~~use testset B
~~~~~~~use testset B
~~~~~~~use testset B
~~~~~~~use testset B
~~~~~~~use testset B
~~~~~~~use testset B
epoch-6 step 7900/14415 - loss: 0.055108 val_loss: 0.068965	val_recall: 0.072674	val_precision: 0.047801
~~~~~~~use testset B
~~~~~~~use testset B
~~~~~~~use testset B
~~~~~~~use testset B
~~~~~~~use testset B
~~~~~~~use testset B
~~~~~~~use testset B
~~~~~~~use testset B
epoch-6 step 8000/14415 - loss: 0.059691 val_loss: 0.058028	val_recall: 0.100000	val_precision: 0.063584

checkpoint saved

~~~~~~~use testset B
~~~~~~~use testset B
~~~~~~~use testset B
~~~~~~~use testset B
~~~~~~~use testset B
~~~~~~~use testset B
~~~~~~~use testset B
~~~~~~~use testset B
epoch-6 step 8100/14415 - loss: 0.058649 val_loss: 0.055829	val_recall: 0.065341	val_precision: 0.043561
~~~~~~~use testset B
~~~~~~~use testset B
~~~~~~~use testset B
~~~~~~~use testset B
~~~~~~~use testset B
~~~~~~~use testset B
~~~~~~~use testset B
epoch-6 step 8200/14415 - loss: 0.063128 val_loss: 0.058722	val_recall: 0.112462	val_precision: 0.070746
~~~~~~~use testset B
~~~~~~~use testset B
~~~~~~~use testset B
~~~~~~~use testset B
~~~~~~~use testset B
~~~~~~~use testset B
~~~~~~~use testset B
~~~~~~~use testset B
epoch-6 step 8300/14415 - loss: 0.059981 val_loss: 0.055917	val_recall: 0.065903	val_precision: 0.043726
~~~~~~~use testset B
~~~~~~~use testset B
~~~~~~~use testset B
~~~~~~~use testset B
~~~~~~~use testset B
~~~~~~~use testset B
~~~~~~~use testset B
~~~~~~~use testset B
epoch-6 step 8400/14415 - loss: 0.070647 val_loss: 0.061320	val_recall: 0.078261	val_precision: 0.052124
~~~~~~~use testset B
~~~~~~~use testset B
~~~~~~~use testset B
~~~~~~~use testset B
~~~~~~~use testset B
~~~~~~~use testset B
~~~~~~~use testset B
epoch-6 step 8500/14415 - loss: 0.063136 val_loss: 0.054597	val_recall: 0.089286	val_precision: 0.058480
~~~~~~~use testset B
~~~~~~~use testset B
~~~~~~~use testset B
~~~~~~~use testset B
~~~~~~~use testset B
~~~~~~~use testset B
~~~~~~~use testset B
~~~~~~~use testset B
epoch-6 step 8600/14415 - loss: 0.055935 val_loss: 0.055818	val_recall: 0.070122	val_precision: 0.044747
~~~~~~~use testset B
~~~~~~~use testset B
~~~~~~~use testset B
~~~~~~~use testset B
~~~~~~~use testset B
~~~~~~~use testset B
~~~~~~~use testset B
~~~~~~~use testset B
epoch-7 step 8700/14415 - loss: 0.056705 val_loss: 0.053896	val_recall: 0.100000	val_precision: 0.060662
~~~~~~~use testset B
~~~~~~~use testset B
~~~~~~~use testset B
~~~~~~~use testset B
~~~~~~~use testset B
~~~~~~~use testset B
~~~~~~~use testset B
epoch-7 step 8800/14415 - loss: 0.054215 val_loss: 0.058361	val_recall: 0.055072	val_precision: 0.035448
~~~~~~~use testset B
~~~~~~~use testset B
~~~~~~~use testset B
~~~~~~~use testset B
~~~~~~~use testset B
~~~~~~~use testset B
~~~~~~~use testset B
~~~~~~~use testset B
epoch-7 step 8900/14415 - loss: 0.056187 val_loss: 0.058023	val_recall: 0.098684	val_precision: 0.056604
~~~~~~~use testset B
~~~~~~~use testset B
~~~~~~~use testset B
~~~~~~~use testset B
~~~~~~~use testset B
~~~~~~~use testset B
~~~~~~~use testset B
~~~~~~~use testset B
epoch-7 step 9000/14415 - loss: 0.057735 val_loss: 0.053425	val_recall: 0.060606	val_precision: 0.037879

checkpoint saved

~~~~~~~use testset B
~~~~~~~use testset B
~~~~~~~use testset B
~~~~~~~use testset B
~~~~~~~use testset B
~~~~~~~use testset B
~~~~~~~use testset B
epoch-7 step 9100/14415 - loss: 0.055147 val_loss: 0.062924	val_recall: 0.078853	val_precision: 0.042146
~~~~~~~use testset B
~~~~~~~use testset B
~~~~~~~use testset B
~~~~~~~use testset B
~~~~~~~use testset B
~~~~~~~use testset B
~~~~~~~use testset B
~~~~~~~use testset B
epoch-7 step 9200/14415 - loss: 0.054171 val_loss: 0.063258	val_recall: 0.061093	val_precision: 0.036609
~~~~~~~use testset B
~~~~~~~use testset B
~~~~~~~use testset B
~~~~~~~use testset B
~~~~~~~use testset B
~~~~~~~use testset B
~~~~~~~use testset B
~~~~~~~use testset B
epoch-7 step 9300/14415 - loss: 0.057893 val_loss: 0.054367	val_recall: 0.058824	val_precision: 0.035433
~~~~~~~use testset B
~~~~~~~use testset B
~~~~~~~use testset B
~~~~~~~use testset B
~~~~~~~use testset B
~~~~~~~use testset B
~~~~~~~use testset B
~~~~~~~use testset B
epoch-7 step 9400/14415 - loss: 0.052128 val_loss: 0.052950	val_recall: 0.062284	val_precision: 0.035714
~~~~~~~use testset B
~~~~~~~use testset B
~~~~~~~use testset B
~~~~~~~use testset B
~~~~~~~use testset B
~~~~~~~use testset B
~~~~~~~use testset B
epoch-7 step 9500/14415 - loss: 0.057873 val_loss: 0.053687	val_recall: 0.068966	val_precision: 0.038095
~~~~~~~use testset B
~~~~~~~use testset B
~~~~~~~use testset B
~~~~~~~use testset B
~~~~~~~use testset B
~~~~~~~use testset B
~~~~~~~use testset B
~~~~~~~use testset B
epoch-7 step 9600/14415 - loss: 0.055195 val_loss: 0.054210	val_recall: 0.072519	val_precision: 0.035782
~~~~~~~use testset B
~~~~~~~use testset B
~~~~~~~use testset B
~~~~~~~use testset B
~~~~~~~use testset B
~~~~~~~use testset B
~~~~~~~use testset B
~~~~~~~use testset B
epoch-7 step 9700/14415 - loss: 0.055445 val_loss: 0.056611	val_recall: 0.085324	val_precision: 0.047985
~~~~~~~use testset B
~~~~~~~use testset B
~~~~~~~use testset B
~~~~~~~use testset B
~~~~~~~use testset B
~~~~~~~use testset B
~~~~~~~use testset B
epoch-7 step 9800/14415 - loss: 0.053443 val_loss: 0.053924	val_recall: 0.060606	val_precision: 0.033708
~~~~~~~use testset B
~~~~~~~use testset B
~~~~~~~use testset B
~~~~~~~use testset B
~~~~~~~use testset B
~~~~~~~use testset B
~~~~~~~use testset B
~~~~~~~use testset B
epoch-7 step 9900/14415 - loss: 0.051265 val_loss: 0.055520	val_recall: 0.070461	val_precision: 0.050000
~~~~~~~use testset B
~~~~~~~use testset B
~~~~~~~use testset B
~~~~~~~use testset B
~~~~~~~use testset B
~~~~~~~use testset B
~~~~~~~use testset B
~~~~~~~use testset B
epoch-7 step 10000/14415 - loss: 0.060049 val_loss: 0.055453	val_recall: 0.079670	val_precision: 0.056751

checkpoint saved

~~~~~~~use testset B
~~~~~~~use testset B
~~~~~~~use testset B
~~~~~~~use testset B
~~~~~~~use testset B
~~~~~~~use testset B
~~~~~~~use testset B
epoch-8 step 10100/14415 - loss: 0.055745 val_loss: 0.055897	val_recall: 0.083095	val_precision: 0.058468

model exported!

~~~~~~~use testset B
~~~~~~~use testset B
~~~~~~~use testset B
~~~~~~~use testset B
~~~~~~~use testset B
~~~~~~~use testset B
~~~~~~~use testset B
~~~~~~~use testset B
epoch-8 step 10200/14415 - loss: 0.054696 val_loss: 0.058547	val_recall: 0.097179	val_precision: 0.059615
~~~~~~~use testset B
~~~~~~~use testset B
~~~~~~~use testset B
~~~~~~~use testset B
~~~~~~~use testset B
~~~~~~~use testset B
~~~~~~~use testset B
~~~~~~~use testset B
epoch-8 step 10300/14415 - loss: 0.057854 val_loss: 0.056214	val_recall: 0.086154	val_precision: 0.055227
~~~~~~~use testset B
~~~~~~~use testset B
~~~~~~~use testset B
~~~~~~~use testset B
~~~~~~~use testset B
~~~~~~~use testset B
~~~~~~~use testset B
epoch-8 step 10400/14415 - loss: 0.057157 val_loss: 0.054281	val_recall: 0.079511	val_precision: 0.050980
~~~~~~~use testset B
~~~~~~~use testset B
~~~~~~~use testset B
~~~~~~~use testset B
~~~~~~~use testset B
~~~~~~~use testset B
~~~~~~~use testset B
~~~~~~~use testset B
epoch-8 step 10500/14415 - loss: 0.053974 val_loss: 0.055255	val_recall: 0.062914	val_precision: 0.036893
~~~~~~~use testset B
~~~~~~~use testset B
~~~~~~~use testset B
~~~~~~~use testset B
~~~~~~~use testset B
~~~~~~~use testset B
~~~~~~~use testset B
~~~~~~~use testset B
epoch-8 step 10600/14415 - loss: 0.055565 val_loss: 0.063188	val_recall: 0.059441	val_precision: 0.032505
~~~~~~~use testset B
~~~~~~~use testset B
~~~~~~~use testset B
~~~~~~~use testset B
~~~~~~~use testset B
~~~~~~~use testset B
~~~~~~~use testset B
~~~~~~~use testset B
epoch-8 step 10700/14415 - loss: 0.057071 val_loss: 0.053339	val_recall: 0.072607	val_precision: 0.041746
~~~~~~~use testset B
~~~~~~~use testset B
~~~~~~~use testset B
~~~~~~~use testset B
~~~~~~~use testset B
~~~~~~~use testset B
~~~~~~~use testset B
epoch-8 step 10800/14415 - loss: 0.053364 val_loss: 0.058606	val_recall: 0.062500	val_precision: 0.037402
~~~~~~~use testset B
~~~~~~~use testset B
~~~~~~~use testset B
~~~~~~~use testset B
~~~~~~~use testset B
~~~~~~~use testset B
~~~~~~~use testset B
~~~~~~~use testset B
epoch-8 step 10900/14415 - loss: 0.053139 val_loss: 0.053399	val_recall: 0.066007	val_precision: 0.037736
~~~~~~~use testset B
~~~~~~~use testset B
~~~~~~~use testset B
~~~~~~~use testset B
~~~~~~~use testset B
~~~~~~~use testset B
~~~~~~~use testset B
~~~~~~~use testset B
epoch-8 step 11000/14415 - loss: 0.058125 val_loss: 0.061050	val_recall: 0.110032	val_precision: 0.067864

checkpoint saved

~~~~~~~use testset B
~~~~~~~use testset B
~~~~~~~use testset B
~~~~~~~use testset B
~~~~~~~use testset B
~~~~~~~use testset B
~~~~~~~use testset B
epoch-8 step 11100/14415 - loss: 0.054682 val_loss: 0.053333	val_recall: 0.072664	val_precision: 0.040076
~~~~~~~use testset B
~~~~~~~use testset B
~~~~~~~use testset B
~~~~~~~use testset B
~~~~~~~use testset B
~~~~~~~use testset B
~~~~~~~use testset B
~~~~~~~use testset B
epoch-8 step 11200/14415 - loss: 0.066986 val_loss: 0.055255	val_recall: 0.063604	val_precision: 0.033962
~~~~~~~use testset B
~~~~~~~use testset B
~~~~~~~use testset B
~~~~~~~use testset B
~~~~~~~use testset B
~~~~~~~use testset B
~~~~~~~use testset B
~~~~~~~use testset B
epoch-8 step 11300/14415 - loss: 0.056140 val_loss: 0.054220	val_recall: 0.083636	val_precision: 0.045817
~~~~~~~use testset B
~~~~~~~use testset B
~~~~~~~use testset B
~~~~~~~use testset B
~~~~~~~use testset B
~~~~~~~use testset B
~~~~~~~use testset B
epoch-8 step 11400/14415 - loss: 0.057807 val_loss: 0.052879	val_recall: 0.053333	val_precision: 0.031683
~~~~~~~use testset B
~~~~~~~use testset B
~~~~~~~use testset B
~~~~~~~use testset B
~~~~~~~use testset B
~~~~~~~use testset B
~~~~~~~use testset B
~~~~~~~use testset B
epoch-8 step 11500/14415 - loss: 0.061049 val_loss: 0.054281	val_recall: 0.093426	val_precision: 0.052326
~~~~~~~use testset B
~~~~~~~use testset B
~~~~~~~use testset B
~~~~~~~use testset B
~~~~~~~use testset B
~~~~~~~use testset B
~~~~~~~use testset B
~~~~~~~use testset B
epoch-9 step 11600/14415 - loss: 0.063056 val_loss: 0.052591	val_recall: 0.058419	val_precision: 0.032075
~~~~~~~use testset B
~~~~~~~use testset B
~~~~~~~use testset B
~~~~~~~use testset B
~~~~~~~use testset B
~~~~~~~use testset B
~~~~~~~use testset B
epoch-9 step 11700/14415 - loss: 0.054994 val_loss: 0.052903	val_recall: 0.057627	val_precision: 0.033138
~~~~~~~use testset B
~~~~~~~use testset B
~~~~~~~use testset B
~~~~~~~use testset B
~~~~~~~use testset B
~~~~~~~use testset B
~~~~~~~use testset B
~~~~~~~use testset B
epoch-9 step 11800/14415 - loss: 0.052424 val_loss: 0.054828	val_recall: 0.050676	val_precision: 0.027881
~~~~~~~use testset B
~~~~~~~use testset B
~~~~~~~use testset B
~~~~~~~use testset B
~~~~~~~use testset B
~~~~~~~use testset B
~~~~~~~use testset B
~~~~~~~use testset B
epoch-9 step 11900/14415 - loss: 0.061792 val_loss: 0.055190	val_recall: 0.097484	val_precision: 0.060547
~~~~~~~use testset B
~~~~~~~use testset B
~~~~~~~use testset B
~~~~~~~use testset B
~~~~~~~use testset B
~~~~~~~use testset B
~~~~~~~use testset B
~~~~~~~use testset B
epoch-9 step 12000/14415 - loss: 0.051652 val_loss: 0.054182	val_recall: 0.070000	val_precision: 0.040076

checkpoint saved

~~~~~~~use testset B
~~~~~~~use testset B
~~~~~~~use testset B
~~~~~~~use testset B
~~~~~~~use testset B
~~~~~~~use testset B
~~~~~~~use testset B
epoch-9 step 12100/14415 - loss: 0.057323 val_loss: 0.052771	val_recall: 0.086538	val_precision: 0.052023
~~~~~~~use testset B
~~~~~~~use testset B
~~~~~~~use testset B
~~~~~~~use testset B
~~~~~~~use testset B
~~~~~~~use testset B
~~~~~~~use testset B
~~~~~~~use testset B
epoch-9 step 12200/14415 - loss: 0.055639 val_loss: 0.052278	val_recall: 0.082540	val_precision: 0.049524
~~~~~~~use testset B
~~~~~~~use testset B
~~~~~~~use testset B
~~~~~~~use testset B
~~~~~~~use testset B
~~~~~~~use testset B
~~~~~~~use testset B
~~~~~~~use testset B
epoch-9 step 12300/14415 - loss: 0.052491 val_loss: 0.058570	val_recall: 0.097403	val_precision: 0.059055
~~~~~~~use testset B
~~~~~~~use testset B
~~~~~~~use testset B
~~~~~~~use testset B
~~~~~~~use testset B
~~~~~~~use testset B
~~~~~~~use testset B
epoch-9 step 12400/14415 - loss: 0.056923 val_loss: 0.062841	val_recall: 0.079585	val_precision: 0.044316
~~~~~~~use testset B
~~~~~~~use testset B
~~~~~~~use testset B
~~~~~~~use testset B
~~~~~~~use testset B
~~~~~~~use testset B
~~~~~~~use testset B
~~~~~~~use testset B
epoch-9 step 12500/14415 - loss: 0.057996 val_loss: 0.053373	val_recall: 0.068493	val_precision: 0.039683
~~~~~~~use testset B
~~~~~~~use testset B
~~~~~~~use testset B
~~~~~~~use testset B
~~~~~~~use testset B
~~~~~~~use testset B
~~~~~~~use testset B
~~~~~~~use testset B
epoch-9 step 12600/14415 - loss: 0.050436 val_loss: 0.060744	val_recall: 0.050633	val_precision: 0.031128
~~~~~~~use testset B
~~~~~~~use testset B
~~~~~~~use testset B
~~~~~~~use testset B
~~~~~~~use testset B
~~~~~~~use testset B
~~~~~~~use testset B
epoch-9 step 12700/14415 - loss: 0.053384 val_loss: 0.065003	val_recall: 0.095092	val_precision: 0.059387
~~~~~~~use testset B
~~~~~~~use testset B
~~~~~~~use testset B
~~~~~~~use testset B
~~~~~~~use testset B
~~~~~~~use testset B
~~~~~~~use testset B
~~~~~~~use testset B
epoch-9 step 12800/14415 - loss: 0.054327 val_loss: 0.053817	val_recall: 0.075658	val_precision: 0.044146
~~~~~~~use testset B
~~~~~~~use testset B
~~~~~~~use testset B
~~~~~~~use testset B
~~~~~~~use testset B
~~~~~~~use testset B
~~~~~~~use testset B
~~~~~~~use testset B
epoch-9 step 12900/14415 - loss: 0.059308 val_loss: 0.051880	val_recall: 0.080745	val_precision: 0.051587
~~~~~~~use testset B
~~~~~~~use testset B
~~~~~~~use testset B
~~~~~~~use testset B
~~~~~~~use testset B
~~~~~~~use testset B
~~~~~~~use testset B
epoch-10 step 13000/14415 - loss: 0.056091 val_loss: 0.051962	val_recall: 0.089595	val_precision: 0.059730
~~~~~~~use testset B

checkpoint saved

~~~~~~~use testset B
~~~~~~~use testset B
~~~~~~~use testset B
~~~~~~~use testset B
~~~~~~~use testset B
~~~~~~~use testset B
~~~~~~~use testset B
epoch-10 step 13100/14415 - loss: 0.054127 val_loss: 0.059780	val_recall: 0.105105	val_precision: 0.067961
~~~~~~~use testset B
~~~~~~~use testset B
~~~~~~~use testset B
~~~~~~~use testset B
~~~~~~~use testset B
~~~~~~~use testset B
~~~~~~~use testset B
~~~~~~~use testset B
epoch-10 step 13200/14415 - loss: 0.053702 val_loss: 0.054227	val_recall: 0.086567	val_precision: 0.052727
~~~~~~~use testset B
~~~~~~~use testset B
~~~~~~~use testset B
~~~~~~~use testset B
~~~~~~~use testset B
~~~~~~~use testset B
~~~~~~~use testset B
~~~~~~~use testset B
epoch-10 step 13300/14415 - loss: 0.063561 val_loss: 0.053365	val_recall: 0.108359	val_precision: 0.067568
~~~~~~~use testset B
~~~~~~~use testset B
~~~~~~~use testset B
~~~~~~~use testset B
~~~~~~~use testset B
~~~~~~~use testset B
~~~~~~~use testset B
epoch-10 step 13400/14415 - loss: 0.056612 val_loss: 0.055144	val_recall: 0.096273	val_precision: 0.059615
~~~~~~~use testset B
~~~~~~~use testset B
~~~~~~~use testset B
~~~~~~~use testset B
~~~~~~~use testset B
~~~~~~~use testset B
~~~~~~~use testset B
~~~~~~~use testset B
epoch-10 step 13500/14415 - loss: 0.061148 val_loss: 0.050000	val_recall: 0.101307	val_precision: 0.060078
~~~~~~~use testset B
~~~~~~~use testset B
~~~~~~~use testset B
~~~~~~~use testset B
~~~~~~~use testset B
~~~~~~~use testset B
~~~~~~~use testset B
~~~~~~~use testset B
epoch-10 step 13600/14415 - loss: 0.053409 val_loss: 0.058331	val_recall: 0.081967	val_precision: 0.048924
~~~~~~~use testset B
~~~~~~~use testset B
~~~~~~~use testset B
~~~~~~~use testset B
~~~~~~~use testset B
~~~~~~~use testset B
~~~~~~~use testset B
epoch-10 step 13700/14415 - loss: 0.055226 val_loss: 0.059947	val_recall: 0.086379	val_precision: 0.049430
~~~~~~~use testset B
~~~~~~~use testset B
~~~~~~~use testset B
~~~~~~~use testset B
~~~~~~~use testset B
~~~~~~~use testset B
~~~~~~~use testset B
~~~~~~~use testset B
epoch-10 step 13800/14415 - loss: 0.060397 val_loss: 0.065126	val_recall: 0.066667	val_precision: 0.040161
~~~~~~~use testset B
~~~~~~~use testset B
~~~~~~~use testset B
~~~~~~~use testset B
~~~~~~~use testset B
~~~~~~~use testset B
~~~~~~~use testset B
~~~~~~~use testset B
epoch-10 step 13900/14415 - loss: 0.055871 val_loss: 0.057875	val_recall: 0.111913	val_precision: 0.060194
~~~~~~~use testset B
~~~~~~~use testset B
~~~~~~~use testset B
~~~~~~~use testset B
~~~~~~~use testset B
~~~~~~~use testset B
~~~~~~~use testset B
epoch-10 step 14000/14415 - loss: 0.063940 val_loss: 0.054278	val_recall: 0.087662	val_precision: 0.051136

checkpoint saved

~~~~~~~use testset B
~~~~~~~use testset B
~~~~~~~use testset B
~~~~~~~use testset B
~~~~~~~use testset B
~~~~~~~use testset B
~~~~~~~use testset B
~~~~~~~use testset B
epoch-10 step 14100/14415 - loss: 0.058427 val_loss: 0.053137	val_recall: 0.104575	val_precision: 0.059041
~~~~~~~use testset B
~~~~~~~use testset B
~~~~~~~use testset B
~~~~~~~use testset B
~~~~~~~use testset B
~~~~~~~use testset B
~~~~~~~use testset B
~~~~~~~use testset B
epoch-10 step 14200/14415 - loss: 0.057703 val_loss: 0.054525	val_recall: 0.095563	val_precision: 0.053333
~~~~~~~use testset B
~~~~~~~use testset B
~~~~~~~use testset B
~~~~~~~use testset B
~~~~~~~use testset B
~~~~~~~use testset B
~~~~~~~use testset B
epoch-10 step 14300/14415 - loss: 0.056727 val_loss: 0.057392	val_recall: 0.110410	val_precision: 0.069170
~~~~~~~use testset B
~~~~~~~use testset B
~~~~~~~use testset B
~~~~~~~use testset B
~~~~~~~use testset B
~~~~~~~use testset B
~~~~~~~use testset B
~~~~~~~use testset B
epoch-10 step 14400/14415 - loss: 0.054342 val_loss: 0.061406	val_recall: 0.128852	val_precision: 0.086466
~~~~~~~use testset B
